<?xml version="1.0" encoding="UTF-8"?>
<!-- Generated by org.testng.reporters.JUnitXMLReporter -->
<testsuite hostname="DKPM46-21" ignored="0" name="Test" tests="2" failures="1" timestamp="26 נוב 2019 14:28:57 GMT" time="1014.969" errors="0">
  <testcase name="SingleInputFieldTest" time="1000.325" classname="tests.HomePageTest"/>
  <testcase name="SingleInputFieldTest2" time="0.295" classname="tests.HomePageTest">
    <failure type="java.lang.AssertionError" message="expected [true] but found [false]">
      <![CDATA[java.lang.AssertionError: expected [true] but found [false]
at tests.HomePageTest.SingleInputFieldTest2(HomePageTest.java:39)
... Removed 29 stack frames]]>
    </failure>
  </testcase> <!-- SingleInputFieldTest2 -->
</testsuite> <!-- Test -->
